<?xml version="1.0" encoding="UTF-8"?>
<testng-results skipped="0" failed="0" ignored="0" total="1" passed="1">
  <reporter-output>
  </reporter-output>
  <suite name="Default suite" duration-ms="28923" started-at="2017-07-01T18:01:24Z" finished-at="2017-07-01T18:01:53Z">
    <groups>
    </groups>
    <test name="Default test" duration-ms="28923" started-at="2017-07-01T18:01:24Z" finished-at="2017-07-01T18:01:53Z">
      <class name="EthioTest1.AppTest">
        <test-method status="PASS" signature="ET1()[pri:0, instance:EthioTest1.AppTest@6f1fba17]" name="ET1" duration-ms="28798" started-at="2017-07-01T11:01:24Z" finished-at="2017-07-01T11:01:53Z">
          <reporter-output>
          </reporter-output>
        </test-method> <!-- ET1 -->
      </class> <!-- EthioTest1.AppTest -->
    </test> <!-- Default test -->
  </suite> <!-- Default suite -->
</testng-results>
