<?xml version="1.0" encoding="UTF-8"?>
<testng-results skipped="0" failed="0" ignored="0" total="1" passed="1">
  <reporter-output>
  </reporter-output>
  <suite name="Default suite" duration-ms="187" started-at="2017-06-25T17:47:08Z" finished-at="2017-06-25T17:47:08Z">
    <groups>
    </groups>
    <test name="Default test" duration-ms="187" started-at="2017-06-25T17:47:08Z" finished-at="2017-06-25T17:47:08Z">
      <class name="guru99.gittest.AppTest">
        <test-method status="PASS" signature="testJ()[pri:0, instance:guru99.gittest.AppTest@5056dfcb]" name="testJ" duration-ms="45" started-at="2017-06-25T10:47:08Z" finished-at="2017-06-25T10:47:08Z">
          <reporter-output>
          </reporter-output>
        </test-method> <!-- testJ -->
      </class> <!-- guru99.gittest.AppTest -->
    </test> <!-- Default test -->
  </suite> <!-- Default suite -->
</testng-results>
